<?xml version="1.0" encoding="UTF-8"?>
<!-- Generated by org.testng.reporters.JUnitXMLReporter -->
<testsuite hostname="DESKTOP-T1TKO85" ignored="0" name="Default test" tests="3" failures="0" timestamp="2022-05-23T17:54:12 IST" time="96.145" errors="0">
  <testcase name="testFacebook" time="10.489" classname="com.hyr.screenshots.ScreenshotForFailedTest"/>
  <testcase name="testGoogle" time="12.518" classname="com.hyr.screenshots.ScreenshotForFailedTest"/>
  <testcase name="testORangeHRM" time="21.785" classname="com.hyr.screenshots.ScreenshotForFailedTest"/>
</testsuite> <!-- Default test -->
