<?xml version="1.0" encoding="UTF-8"?>
<!-- Generated by org.testng.reporters.JUnitXMLReporter -->
<testsuite hostname="DESKTOP-T1TKO85" ignored="2" name="OrangeHRMLogin" tests="3" failures="0" timestamp="2022-05-19T23:34:52 IST" time="39.539" errors="0">
  <testcase name="launchApp" time="22.017" classname="com.hyr.test.OrangeHRM"/>
  <testcase name="enterLoginDetails" time="11.063" classname="com.hyr.test.OrangeHRM"/>
  <testcase name="verifyLogin" time="6.365" classname="com.hyr.test.OrangeHRM"/>
  <testcase name="verifyMyInfo" time="0.0" classname="com.hyr.test.OrangeHRM">
    <ignored/>
  </testcase> <!-- verifyMyInfo -->
  <testcase name="navigateToMyInfo" time="0.0" classname="com.hyr.test.OrangeHRM">
    <ignored/>
  </testcase> <!-- navigateToMyInfo -->
</testsuite> <!-- OrangeHRMLogin -->
