<?xml version="1.0" encoding="UTF-8"?>
<!-- Generated by org.testng.reporters.JUnitXMLReporter -->
<testsuite hostname="DESKTOP-T1TKO85" ignored="1" name="OrangeHRMInfo" tests="4" failures="0" timestamp="2022-05-19T23:35:37 IST" time="44.831" errors="0">
  <testcase name="launchApp" time="33.772" classname="com.hyr.test.OrangeHRM"/>
  <testcase name="enterLoginDetails" time="7.36" classname="com.hyr.test.OrangeHRM"/>
  <testcase name="navigateToMyInfo" time="2.271" classname="com.hyr.test.OrangeHRM"/>
  <testcase name="verifyMyInfo" time="1.409" classname="com.hyr.test.OrangeHRM"/>
  <testcase name="verifyLogin" time="0.0" classname="com.hyr.test.OrangeHRM">
    <ignored/>
  </testcase> <!-- verifyLogin -->
</testsuite> <!-- OrangeHRMInfo -->
