<?xml version="1.0" encoding="UTF-8"?>
<!-- Generated by org.testng.reporters.JUnitXMLReporter -->
<testsuite hostname="DESKTOP-T1TKO85" ignored="2" name="GoogleTest" tests="1" failures="0" timestamp="2022-05-23T22:09:00 IST" time="24.252" errors="0">
  <testcase name="testGoogle" time="15.751" classname="com.hyr.screenshots.ScreenshotForFailedTest"/>
  <testcase name="testORangeHRM" time="0.0" classname="com.hyr.screenshots.ScreenshotForFailedTest">
    <ignored/>
  </testcase> <!-- testORangeHRM -->
  <testcase name="testFacebook" time="0.0" classname="com.hyr.screenshots.ScreenshotForFailedTest">
    <ignored/>
  </testcase> <!-- testFacebook -->
</testsuite> <!-- GoogleTest -->
