<?xml version="1.0" encoding="UTF-8"?>
<!-- Generated by org.testng.reporters.JUnitXMLReporter -->
<testsuite hostname="DESKTOP-T1TKO85" ignored="2" name="testFacebook" tests="1" failures="0" timestamp="2022-05-23T22:09:20 IST" time="20.099" errors="0">
  <testcase name="testFacebook" time="11.067" classname="com.hyr.screenshots.ScreenshotForFailedTest"/>
  <testcase name="testORangeHRM" time="0.0" classname="com.hyr.screenshots.ScreenshotForFailedTest">
    <ignored/>
  </testcase> <!-- testORangeHRM -->
  <testcase name="testGoogle" time="0.0" classname="com.hyr.screenshots.ScreenshotForFailedTest">
    <ignored/>
  </testcase> <!-- testGoogle -->
</testsuite> <!-- testFacebook -->
