<?xml version="1.0" encoding="UTF-8"?>
<!-- Generated by org.testng.reporters.JUnitXMLReporter -->
<testsuite hostname="DESKTOP-T1TKO85" ignored="2" name="Test" tests="2" failures="1" timestamp="2022-05-23T15:48:14 IST" time="0.197" errors="0">
  <testcase name="testMethod1" time="0.016" classname="com.hyr.listeners.TestClass1"/>
  <testcase name="testMethod2" time="0.021" classname="com.hyr.listeners.TestClass1">
    <failure type="java.lang.AssertionError" message="expected [true] but found [false]">
      <![CDATA[java.lang.AssertionError: expected [true] but found [false]
at com.hyr.listeners.TestClass1.testMethod2(TestClass1.java:20)
at java.util.ArrayList.forEach(ArrayList.java:1257)
... Removed 31 stack frames]]>
    </failure>
  </testcase> <!-- testMethod2 -->
  <testcase name="testMethod4" time="0.0" classname="com.hyr.listeners.TestClass1">
    <ignored/>
  </testcase> <!-- testMethod4 -->
  <testcase name="testMethod3" time="0.0" classname="com.hyr.listeners.TestClass1">
    <ignored/>
  </testcase> <!-- testMethod3 -->
</testsuite> <!-- Test -->
