<?xml version="1.0" encoding="UTF-8"?>
<!-- Generated by org.testng.reporters.JUnitXMLReporter -->
<testsuite hostname="DESKTOP-T1TKO85" ignored="2" name="Test2" tests="2" failures="1" timestamp="2022-05-23T15:48:16 IST" time="1.152" errors="0">
  <testcase name="testMethod3" time="1.105" classname="com.hyr.listeners.TestClass1">
    <failure type="org.testng.internal.thread.ThreadTimeoutException" message="Method com.hyr.listeners.TestClass1.testMethod3() didn&amp;apos;t finish within the time-out 1000">
      <![CDATA[org.testng.internal.thread.ThreadTimeoutException: Method com.hyr.listeners.TestClass1.testMethod3() didn't finish within the time-out 1000
at java.util.ArrayList.forEach(ArrayList.java:1257)
... Removed 24 stack frames]]>
    </failure>
  </testcase> <!-- testMethod3 -->
  <testcase name="testMethod4" time="0.0" classname="com.hyr.listeners.TestClass1">
    <skipped/>
  </testcase> <!-- testMethod4 -->
  <testcase name="testMethod2" time="0.0" classname="com.hyr.listeners.TestClass1">
    <ignored/>
  </testcase> <!-- testMethod2 -->
  <testcase name="testMethod1" time="0.0" classname="com.hyr.listeners.TestClass1">
    <ignored/>
  </testcase> <!-- testMethod1 -->
</testsuite> <!-- Test2 -->
