<?xml version="1.0" encoding="UTF-8"?>
<!-- Generated by org.testng.reporters.JUnitXMLReporter -->
<testsuite hostname="DESKTOP-T1TKO85" ignored="2" name="OrangeHRMLogin" tests="3" failures="0" timestamp="2022-05-20T13:01:54 IST" time="31.676" errors="0">
  <testcase name="launchApp" time="7.164" classname="com.hyr.test.OrangeHRMParameterTest"/>
  <testcase name="enterLoginDetails" time="7.099" classname="com.hyr.test.OrangeHRMParameterTest"/>
  <testcase name="verifyLogin" time="0.213" classname="com.hyr.test.OrangeHRMParameterTest"/>
  <testcase name="navigateToMyInfo" time="0.0" classname="com.hyr.test.OrangeHRMParameterTest">
    <ignored/>
  </testcase> <!-- navigateToMyInfo -->
  <testcase name="verifyMyInfo" time="0.0" classname="com.hyr.test.OrangeHRMParameterTest">
    <ignored/>
  </testcase> <!-- verifyMyInfo -->
</testsuite> <!-- OrangeHRMLogin -->
