<?xml version="1.0" encoding="UTF-8"?>
<testng-results skipped="0" failed="1" ignored="6" total="9" passed="2">
  <reporter-output>
  </reporter-output>
  <suite name="Suite" duration-ms="56972" started-at="2022-05-23T22:08:35 IST" finished-at="2022-05-23T22:09:32 IST">
    <groups>
    </groups>
    <test name="GoogleTest" duration-ms="24252" started-at="2022-05-23T22:08:35 IST" finished-at="2022-05-23T22:09:00 IST">
      <class name="com.hyr.screenshots.ScreenshotForFailedTest">
        <test-method status="PASS" signature="setUp()[pri:0, instance:com.hyr.screenshots.ScreenshotForFailedTest@fad74ee]" name="setUp" is-config="true" duration-ms="6969" started-at="2022-05-23T22:08:35 IST" finished-at="2022-05-23T22:08:42 IST">
          <reporter-output>
          </reporter-output>
        </test-method> <!-- setUp -->
        <test-method status="PASS" signature="testGoogle()[pri:0, instance:com.hyr.screenshots.ScreenshotForFailedTest@fad74ee]" name="testGoogle" duration-ms="15751" started-at="2022-05-23T22:08:42 IST" finished-at="2022-05-23T22:08:58 IST">
          <reporter-output>
          </reporter-output>
        </test-method> <!-- testGoogle -->
        <test-method status="PASS" signature="tearDown()[pri:0, instance:com.hyr.screenshots.ScreenshotForFailedTest@fad74ee]" name="tearDown" is-config="true" duration-ms="1366" started-at="2022-05-23T22:08:58 IST" finished-at="2022-05-23T22:09:00 IST">
          <reporter-output>
          </reporter-output>
        </test-method> <!-- tearDown -->
      </class> <!-- com.hyr.screenshots.ScreenshotForFailedTest -->
    </test> <!-- GoogleTest -->
    <test name="testFacebook" duration-ms="20099" started-at="2022-05-23T22:09:00 IST" finished-at="2022-05-23T22:09:20 IST">
      <class name="com.hyr.screenshots.ScreenshotForFailedTest">
        <test-method status="PASS" signature="setUp()[pri:0, instance:com.hyr.screenshots.ScreenshotForFailedTest@e720b71]" name="setUp" is-config="true" duration-ms="7743" started-at="2022-05-23T22:09:00 IST" finished-at="2022-05-23T22:09:08 IST">
          <reporter-output>
          </reporter-output>
        </test-method> <!-- setUp -->
        <test-method status="PASS" signature="testFacebook()[pri:0, instance:com.hyr.screenshots.ScreenshotForFailedTest@e720b71]" name="testFacebook" duration-ms="11067" started-at="2022-05-23T22:09:08 IST" finished-at="2022-05-23T22:09:19 IST">
          <reporter-output>
          </reporter-output>
        </test-method> <!-- testFacebook -->
        <test-method status="PASS" signature="tearDown()[pri:0, instance:com.hyr.screenshots.ScreenshotForFailedTest@e720b71]" name="tearDown" is-config="true" duration-ms="1279" started-at="2022-05-23T22:09:19 IST" finished-at="2022-05-23T22:09:20 IST">
          <reporter-output>
          </reporter-output>
        </test-method> <!-- tearDown -->
      </class> <!-- com.hyr.screenshots.ScreenshotForFailedTest -->
    </test> <!-- testFacebook -->
    <test name="testORangeHRM" duration-ms="12461" started-at="2022-05-23T22:09:20 IST" finished-at="2022-05-23T22:09:32 IST">
      <class name="com.hyr.screenshots.ScreenshotForFailedTest">
        <test-method status="PASS" signature="setUp()[pri:0, instance:com.hyr.screenshots.ScreenshotForFailedTest@69b0fd6f]" name="setUp" is-config="true" duration-ms="2838" started-at="2022-05-23T22:09:20 IST" finished-at="2022-05-23T22:09:23 IST">
          <reporter-output>
          </reporter-output>
        </test-method> <!-- setUp -->
        <test-method status="FAIL" signature="testORangeHRM()[pri:0, instance:com.hyr.screenshots.ScreenshotForFailedTest@69b0fd6f]" name="testORangeHRM" duration-ms="8281" started-at="2022-05-23T22:09:23 IST" finished-at="2022-05-23T22:09:31 IST">
          <exception class="org.openqa.selenium.NoSuchElementException">
            <message>
              <![CDATA[no such element: Unable to locate element: {"method":"css selector","selector":"#welcome"}
  (Session info: chrome=101.0.4951.67)
For documentation on this error, please visit: https://www.seleniumhq.org/exceptions/no_such_element.html
Build info: version: '3.141.59', revision: 'e82be7d358', time: '2018-11-14T08:17:03'
System info: host: 'DESKTOP-T1TKO85', ip: '192.168.35.250', os.name: 'Windows 10', os.arch: 'amd64', os.version: '10.0', java.version: '1.8.0_201'
Driver info: org.openqa.selenium.chrome.ChromeDriver
Capabilities {acceptInsecureCerts: false, browserName: chrome, browserVersion: 101.0.4951.67, chrome: {chromedriverVersion: 101.0.4951.41 (93c720db8323..., userDataDir: C:\Users\SONALI\AppData\Loc...}, goog:chromeOptions: {debuggerAddress: localhost:62495}, javascriptEnabled: true, networkConnectionEnabled: false, pageLoadStrategy: normal, platform: WINDOWS, platformName: WINDOWS, proxy: Proxy(), setWindowRect: true, strictFileInteractability: false, timeouts: {implicit: 0, pageLoad: 300000, script: 30000}, unhandledPromptBehavior: dismiss and notify, webauthn:extension:credBlob: true, webauthn:extension:largeBlob: true, webauthn:virtualAuthenticators: true}
Session ID: 7b9e9a5efcfe663372bf161c309dcf5f
*** Element info: {Using=id, value=welcome}]]>
            </message>
            <full-stacktrace>
              <![CDATA[org.openqa.selenium.NoSuchElementException: no such element: Unable to locate element: {"method":"css selector","selector":"#welcome"}
  (Session info: chrome=101.0.4951.67)
For documentation on this error, please visit: https://www.seleniumhq.org/exceptions/no_such_element.html
Build info: version: '3.141.59', revision: 'e82be7d358', time: '2018-11-14T08:17:03'
System info: host: 'DESKTOP-T1TKO85', ip: '192.168.35.250', os.name: 'Windows 10', os.arch: 'amd64', os.version: '10.0', java.version: '1.8.0_201'
Driver info: org.openqa.selenium.chrome.ChromeDriver
Capabilities {acceptInsecureCerts: false, browserName: chrome, browserVersion: 101.0.4951.67, chrome: {chromedriverVersion: 101.0.4951.41 (93c720db8323..., userDataDir: C:\Users\SONALI\AppData\Loc...}, goog:chromeOptions: {debuggerAddress: localhost:62495}, javascriptEnabled: true, networkConnectionEnabled: false, pageLoadStrategy: normal, platform: WINDOWS, platformName: WINDOWS, proxy: Proxy(), setWindowRect: true, strictFileInteractability: false, timeouts: {implicit: 0, pageLoad: 300000, script: 30000}, unhandledPromptBehavior: dismiss and notify, webauthn:extension:credBlob: true, webauthn:extension:largeBlob: true, webauthn:virtualAuthenticators: true}
Session ID: 7b9e9a5efcfe663372bf161c309dcf5f
*** Element info: {Using=id, value=welcome}
at sun.reflect.NativeConstructorAccessorImpl.newInstance0(Native Method)
at sun.reflect.NativeConstructorAccessorImpl.newInstance(NativeConstructorAccessorImpl.java:62)
at sun.reflect.DelegatingConstructorAccessorImpl.newInstance(DelegatingConstructorAccessorImpl.java:45)
at java.lang.reflect.Constructor.newInstance(Constructor.java:423)
at org.openqa.selenium.remote.http.W3CHttpResponseCodec.createException(W3CHttpResponseCodec.java:187)
at org.openqa.selenium.remote.http.W3CHttpResponseCodec.decode(W3CHttpResponseCodec.java:122)
at org.openqa.selenium.remote.http.W3CHttpResponseCodec.decode(W3CHttpResponseCodec.java:49)
at org.openqa.selenium.remote.HttpCommandExecutor.execute(HttpCommandExecutor.java:158)
at org.openqa.selenium.remote.service.DriverCommandExecutor.execute(DriverCommandExecutor.java:83)
at org.openqa.selenium.remote.RemoteWebDriver.execute(RemoteWebDriver.java:552)
at org.openqa.selenium.remote.RemoteWebDriver.findElement(RemoteWebDriver.java:323)
at org.openqa.selenium.remote.RemoteWebDriver.findElementById(RemoteWebDriver.java:372)
at org.openqa.selenium.By$ById.findElement(By.java:188)
at org.openqa.selenium.remote.RemoteWebDriver.findElement(RemoteWebDriver.java:315)
at com.hyr.screenshots.ScreenshotForFailedTest.testORangeHRM(ScreenshotForFailedTest.java:62)
at sun.reflect.NativeMethodAccessorImpl.invoke0(Native Method)
at sun.reflect.NativeMethodAccessorImpl.invoke(NativeMethodAccessorImpl.java:62)
at sun.reflect.DelegatingMethodAccessorImpl.invoke(DelegatingMethodAccessorImpl.java:43)
at java.lang.reflect.Method.invoke(Method.java:498)
at org.testng.internal.MethodInvocationHelper.invokeMethod(MethodInvocationHelper.java:133)
at org.testng.internal.TestInvoker.invokeMethod(TestInvoker.java:598)
at org.testng.internal.TestInvoker.invokeTestMethod(TestInvoker.java:173)
at org.testng.internal.MethodRunner.runInSequence(MethodRunner.java:46)
at org.testng.internal.TestInvoker$MethodInvocationAgent.invoke(TestInvoker.java:824)
at org.testng.internal.TestInvoker.invokeTestMethods(TestInvoker.java:146)
at org.testng.internal.TestMethodWorker.invokeTestMethods(TestMethodWorker.java:146)
at org.testng.internal.TestMethodWorker.run(TestMethodWorker.java:128)
at java.util.ArrayList.forEach(ArrayList.java:1257)
at org.testng.TestRunner.privateRun(TestRunner.java:794)
at org.testng.TestRunner.run(TestRunner.java:596)
at org.testng.SuiteRunner.runTest(SuiteRunner.java:377)
at org.testng.SuiteRunner.runSequentially(SuiteRunner.java:371)
at org.testng.SuiteRunner.privateRun(SuiteRunner.java:332)
at org.testng.SuiteRunner.run(SuiteRunner.java:276)
at org.testng.SuiteRunnerWorker.runSuite(SuiteRunnerWorker.java:53)
at org.testng.SuiteRunnerWorker.run(SuiteRunnerWorker.java:96)
at org.testng.TestNG.runSuitesSequentially(TestNG.java:1212)
at org.testng.TestNG.runSuitesLocally(TestNG.java:1134)
at org.testng.TestNG.runSuites(TestNG.java:1063)
at org.testng.TestNG.run(TestNG.java:1031)
at org.testng.remote.AbstractRemoteTestNG.run(AbstractRemoteTestNG.java:115)
at org.testng.remote.RemoteTestNG.initAndRun(RemoteTestNG.java:251)
at org.testng.remote.RemoteTestNG.main(RemoteTestNG.java:77)
]]>
            </full-stacktrace>
          </exception> <!-- org.openqa.selenium.NoSuchElementException -->
          <reporter-output>
          </reporter-output>
        </test-method> <!-- testORangeHRM -->
        <test-method status="PASS" signature="tearDown()[pri:0, instance:com.hyr.screenshots.ScreenshotForFailedTest@69b0fd6f]" name="tearDown" is-config="true" duration-ms="867" started-at="2022-05-23T22:09:32 IST" finished-at="2022-05-23T22:09:32 IST">
          <reporter-output>
          </reporter-output>
        </test-method> <!-- tearDown -->
      </class> <!-- com.hyr.screenshots.ScreenshotForFailedTest -->
    </test> <!-- testORangeHRM -->
  </suite> <!-- Suite -->
</testng-results>
